Traceback (most recent call last):
  File "/home/pi/Projects/envsensor/myenv/lib/python3.7/site-packages/urllib3/connection.py", line 175, in _new_conn
    (self._dns_host, self.port), self.timeout, **extra_kw
  File "/home/pi/Projects/envsensor/myenv/lib/python3.7/site-packages/urllib3/util/connection.py", line 72, in create_connection
    for res in socket.getaddrinfo(host, port, family, socket.SOCK_STREAM):
  File "/usr/lib/python3.7/socket.py", line 748, in getaddrinfo
    for res in _socket.getaddrinfo(host, port, family, type, proto, flags):
socket.gaierror: [Errno -3] Temporary failure in name resolution

During handling of the above exception, another exception occurred:

Traceback (most recent call last):
  File "/home/pi/Projects/envsensor/myenv/lib/python3.7/site-packages/urllib3/connectionpool.py", line 710, in urlopen
    chunked=chunked,
  File "/home/pi/Projects/envsensor/myenv/lib/python3.7/site-packages/urllib3/connectionpool.py", line 386, in _make_request
    self._validate_conn(conn)
  File "/home/pi/Projects/envsensor/myenv/lib/python3.7/site-packages/urllib3/connectionpool.py", line 1040, in _validate_conn
    conn.connect()
  File "/home/pi/Projects/envsensor/myenv/lib/python3.7/site-packages/urllib3/connection.py", line 358, in connect
    self.sock = conn = self._new_conn()
  File "/home/pi/Projects/envsensor/myenv/lib/python3.7/site-packages/urllib3/connection.py", line 187, in _new_conn
    self, "Failed to establish a new connection: %s" % e
urllib3.exceptions.NewConnectionError: <urllib3.connection.HTTPSConnection object at 0xb5ed9470>: Failed to establish a new connection: [Errno -3] Temporary failure in name resolution

During handling of the above exception, another exception occurred:

Traceback (most recent call last):
  File "/home/pi/Projects/envsensor/myenv/lib/python3.7/site-packages/requests/adapters.py", line 450, in send
    timeout=timeout
  File "/home/pi/Projects/envsensor/myenv/lib/python3.7/site-packages/urllib3/connectionpool.py", line 786, in urlopen
    method, url, error=e, _pool=self, _stacktrace=sys.exc_info()[2]
  File "/home/pi/Projects/envsensor/myenv/lib/python3.7/site-packages/urllib3/util/retry.py", line 592, in increment
    raise MaxRetryError(_pool, url, error or ResponseError(cause))
urllib3.exceptions.MaxRetryError: HTTPSConnectionPool(host='data.weather.gov.hk', port=443): Max retries exceeded with url: /weatherAPI/hko_data/regional-weather/latest_1min_temperature.csv (Caused by NewConnectionError('<urllib3.connection.HTTPSConnection object at 0xb5ed9470>: Failed to establish a new connection: [Errno -3] Temporary failure in name resolution'))

During handling of the above exception, another exception occurred:

Traceback (most recent call last):
  File "hko.py", line 75, in <module>
    rows=gethko(measure)
  File "hko.py", line 38, in gethko
    with requests.get(url) as req:
  File "/home/pi/Projects/envsensor/myenv/lib/python3.7/site-packages/requests/api.py", line 75, in get
    return request('get', url, params=params, **kwargs)
  File "/home/pi/Projects/envsensor/myenv/lib/python3.7/site-packages/requests/api.py", line 61, in request
    return session.request(method=method, url=url, **kwargs)
  File "/home/pi/Projects/envsensor/myenv/lib/python3.7/site-packages/requests/sessions.py", line 529, in request
    resp = self.send(prep, **send_kwargs)
  File "/home/pi/Projects/envsensor/myenv/lib/python3.7/site-packages/requests/sessions.py", line 645, in send
    r = adapter.send(request, **kwargs)
  File "/home/pi/Projects/envsensor/myenv/lib/python3.7/site-packages/requests/adapters.py", line 519, in send
    raise ConnectionError(e, request=request)
requests.exceptions.ConnectionError: HTTPSConnectionPool(host='data.weather.gov.hk', port=443): Max retries exceeded with url: /weatherAPI/hko_data/regional-weather/latest_1min_temperature.csv (Caused by NewConnectionError('<urllib3.connection.HTTPSConnection object at 0xb5ed9470>: Failed to establish a new connection: [Errno -3] Temporary failure in name resolution'))
Traceback (most recent call last):
  File "/home/pi/Projects/envsensor/myenv/lib/python3.7/site-packages/urllib3/connection.py", line 175, in _new_conn
    (self._dns_host, self.port), self.timeout, **extra_kw
  File "/home/pi/Projects/envsensor/myenv/lib/python3.7/site-packages/urllib3/util/connection.py", line 72, in create_connection
    for res in socket.getaddrinfo(host, port, family, socket.SOCK_STREAM):
  File "/usr/lib/python3.7/socket.py", line 748, in getaddrinfo
    for res in _socket.getaddrinfo(host, port, family, type, proto, flags):
socket.gaierror: [Errno -3] Temporary failure in name resolution

During handling of the above exception, another exception occurred:

Traceback (most recent call last):
  File "/home/pi/Projects/envsensor/myenv/lib/python3.7/site-packages/urllib3/connectionpool.py", line 710, in urlopen
    chunked=chunked,
  File "/home/pi/Projects/envsensor/myenv/lib/python3.7/site-packages/urllib3/connectionpool.py", line 386, in _make_request
    self._validate_conn(conn)
  File "/home/pi/Projects/envsensor/myenv/lib/python3.7/site-packages/urllib3/connectionpool.py", line 1040, in _validate_conn
    conn.connect()
  File "/home/pi/Projects/envsensor/myenv/lib/python3.7/site-packages/urllib3/connection.py", line 358, in connect
    self.sock = conn = self._new_conn()
  File "/home/pi/Projects/envsensor/myenv/lib/python3.7/site-packages/urllib3/connection.py", line 187, in _new_conn
    self, "Failed to establish a new connection: %s" % e
urllib3.exceptions.NewConnectionError: <urllib3.connection.HTTPSConnection object at 0xb5dad470>: Failed to establish a new connection: [Errno -3] Temporary failure in name resolution

During handling of the above exception, another exception occurred:

Traceback (most recent call last):
  File "/home/pi/Projects/envsensor/myenv/lib/python3.7/site-packages/requests/adapters.py", line 450, in send
    timeout=timeout
  File "/home/pi/Projects/envsensor/myenv/lib/python3.7/site-packages/urllib3/connectionpool.py", line 786, in urlopen
    method, url, error=e, _pool=self, _stacktrace=sys.exc_info()[2]
  File "/home/pi/Projects/envsensor/myenv/lib/python3.7/site-packages/urllib3/util/retry.py", line 592, in increment
    raise MaxRetryError(_pool, url, error or ResponseError(cause))
urllib3.exceptions.MaxRetryError: HTTPSConnectionPool(host='data.weather.gov.hk', port=443): Max retries exceeded with url: /weatherAPI/hko_data/regional-weather/latest_1min_temperature.csv (Caused by NewConnectionError('<urllib3.connection.HTTPSConnection object at 0xb5dad470>: Failed to establish a new connection: [Errno -3] Temporary failure in name resolution'))

During handling of the above exception, another exception occurred:

Traceback (most recent call last):
  File "hko.py", line 75, in <module>
    rows=gethko(measure)
  File "hko.py", line 38, in gethko
    with requests.get(url) as req:
  File "/home/pi/Projects/envsensor/myenv/lib/python3.7/site-packages/requests/api.py", line 75, in get
    return request('get', url, params=params, **kwargs)
  File "/home/pi/Projects/envsensor/myenv/lib/python3.7/site-packages/requests/api.py", line 61, in request
    return session.request(method=method, url=url, **kwargs)
  File "/home/pi/Projects/envsensor/myenv/lib/python3.7/site-packages/requests/sessions.py", line 529, in request
    resp = self.send(prep, **send_kwargs)
  File "/home/pi/Projects/envsensor/myenv/lib/python3.7/site-packages/requests/sessions.py", line 645, in send
    r = adapter.send(request, **kwargs)
  File "/home/pi/Projects/envsensor/myenv/lib/python3.7/site-packages/requests/adapters.py", line 519, in send
    raise ConnectionError(e, request=request)
requests.exceptions.ConnectionError: HTTPSConnectionPool(host='data.weather.gov.hk', port=443): Max retries exceeded with url: /weatherAPI/hko_data/regional-weather/latest_1min_temperature.csv (Caused by NewConnectionError('<urllib3.connection.HTTPSConnection object at 0xb5dad470>: Failed to establish a new connection: [Errno -3] Temporary failure in name resolution'))
temperature updated at: 2022-06-26 16:00:00
humidity updated at: 2022-06-26 16:00:00
pressure updated at: 2022-06-26 16:00:00
temperature has no update
humidity has no update
pressure has no update
temperature updated at: 2022-06-26 16:10:00
humidity updated at: 2022-06-26 16:10:00
pressure updated at: 2022-06-26 16:10:00
temperature has no update
humidity has no update
pressure has no update
temperature updated at: 2022-06-26 16:20:00
humidity updated at: 2022-06-26 16:20:00
pressure updated at: 2022-06-26 16:20:00
temperature has no update
humidity has no update
pressure has no update
temperature updated at: 2022-06-26 16:30:00
humidity updated at: 2022-06-26 16:30:00
pressure updated at: 2022-06-26 16:30:00
temperature has no update
humidity has no update
pressure has no update
temperature updated at: 2022-06-26 16:40:00
humidity updated at: 2022-06-26 16:40:00
pressure updated at: 2022-06-26 16:40:00
temperature has no update
humidity has no update
pressure has no update
temperature updated at: 2022-06-26 16:50:00
humidity updated at: 2022-06-26 16:50:00
pressure updated at: 2022-06-26 16:50:00
temperature has no update
humidity has no update
pressure has no update
temperature updated at: 2022-06-26 17:00:00
humidity updated at: 2022-06-26 17:00:00
pressure updated at: 2022-06-26 17:00:00
temperature has no update
humidity has no update
pressure has no update
temperature updated at: 2022-06-26 17:10:00
humidity updated at: 2022-06-26 17:10:00
pressure updated at: 2022-06-26 17:10:00
temperature has no update
humidity has no update
pressure has no update
temperature updated at: 2022-06-26 17:20:00
humidity updated at: 2022-06-26 17:20:00
pressure updated at: 2022-06-26 17:20:00
temperature has no update
humidity has no update
pressure has no update
temperature updated at: 2022-06-26 17:30:00
humidity updated at: 2022-06-26 17:30:00
pressure updated at: 2022-06-26 17:30:00
temperature has no update
humidity has no update
pressure has no update
temperature updated at: 2022-06-26 17:40:00
humidity updated at: 2022-06-26 17:40:00
pressure updated at: 2022-06-26 17:40:00
temperature has no update
humidity has no update
pressure has no update
temperature updated at: 2022-06-26 17:50:00
humidity updated at: 2022-06-26 17:50:00
pressure updated at: 2022-06-26 17:50:00
temperature has no update
humidity has no update
pressure has no update
temperature updated at: 2022-06-26 18:00:00
humidity updated at: 2022-06-26 18:00:00
pressure updated at: 2022-06-26 18:00:00
temperature has no update
humidity has no update
pressure has no update
temperature updated at: 2022-06-26 18:10:00
humidity updated at: 2022-06-26 18:10:00
pressure updated at: 2022-06-26 18:10:00
temperature has no update
humidity has no update
pressure has no update
temperature updated at: 2022-06-26 18:20:00
humidity updated at: 2022-06-26 18:20:00
pressure updated at: 2022-06-26 18:20:00
temperature has no update
humidity has no update
pressure has no update
temperature updated at: 2022-06-26 18:30:00
humidity updated at: 2022-06-26 18:30:00
pressure updated at: 2022-06-26 18:30:00
temperature has no update
humidity has no update
pressure has no update
temperature updated at: 2022-06-26 18:40:00
humidity updated at: 2022-06-26 18:40:00
pressure updated at: 2022-06-26 18:40:00
temperature has no update
humidity has no update
pressure has no update
temperature updated at: 2022-06-26 18:50:00
humidity updated at: 2022-06-26 18:50:00
pressure updated at: 2022-06-26 18:50:00
temperature has no update
humidity has no update
pressure has no update
temperature updated at: 2022-06-26 19:00:00
humidity updated at: 2022-06-26 19:00:00
pressure updated at: 2022-06-26 19:00:00
temperature has no update
humidity has no update
pressure has no update
temperature updated at: 2022-06-26 19:10:00
humidity updated at: 2022-06-26 19:10:00
pressure updated at: 2022-06-26 19:10:00
temperature has no update
humidity has no update
pressure has no update
temperature updated at: 2022-06-26 19:20:00
humidity updated at: 2022-06-26 19:20:00
pressure updated at: 2022-06-26 19:20:00
temperature has no update
humidity has no update
pressure has no update
temperature updated at: 2022-06-26 19:30:00
humidity updated at: 2022-06-26 19:30:00
pressure updated at: 2022-06-26 19:30:00
temperature has no update
humidity has no update
pressure has no update
temperature updated at: 2022-06-26 19:40:00
humidity updated at: 2022-06-26 19:40:00
pressure updated at: 2022-06-26 19:40:00
temperature has no update
humidity has no update
pressure has no update
temperature updated at: 2022-06-26 19:50:00
humidity updated at: 2022-06-26 19:50:00
pressure updated at: 2022-06-26 19:50:00
temperature has no update
humidity has no update
pressure has no update
temperature updated at: 2022-06-26 20:00:00
humidity updated at: 2022-06-26 20:00:00
pressure updated at: 2022-06-26 20:00:00
temperature has no update
humidity has no update
pressure has no update
temperature updated at: 2022-06-26 20:10:00
humidity updated at: 2022-06-26 20:10:00
pressure updated at: 2022-06-26 20:10:00
temperature has no update
humidity has no update
pressure has no update
temperature updated at: 2022-06-26 20:20:00
humidity updated at: 2022-06-26 20:20:00
pressure updated at: 2022-06-26 20:20:00
temperature has no update
humidity has no update
pressure has no update
temperature updated at: 2022-06-26 20:30:00
humidity updated at: 2022-06-26 20:30:00
pressure updated at: 2022-06-26 20:30:00
temperature has no update
humidity has no update
pressure has no update
temperature updated at: 2022-06-26 20:40:00
humidity updated at: 2022-06-26 20:40:00
pressure updated at: 2022-06-26 20:40:00
temperature has no update
humidity has no update
pressure has no update
temperature updated at: 2022-06-26 20:50:00
humidity updated at: 2022-06-26 20:50:00
pressure updated at: 2022-06-26 20:50:00
temperature has no update
humidity has no update
pressure has no update
temperature updated at: 2022-06-26 21:00:00
humidity updated at: 2022-06-26 21:00:00
pressure updated at: 2022-06-26 21:00:00
temperature has no update
humidity has no update
pressure has no update
temperature updated at: 2022-06-26 21:10:00
humidity updated at: 2022-06-26 21:10:00
pressure updated at: 2022-06-26 21:10:00
temperature has no update
humidity has no update
pressure has no update
temperature updated at: 2022-06-26 21:20:00
humidity updated at: 2022-06-26 21:20:00
pressure updated at: 2022-06-26 21:20:00
temperature has no update
humidity has no update
pressure has no update
temperature updated at: 2022-06-26 21:30:00
humidity updated at: 2022-06-26 21:30:00
pressure updated at: 2022-06-26 21:30:00
temperature has no update
humidity has no update
pressure has no update
temperature updated at: 2022-06-26 21:40:00
humidity updated at: 2022-06-26 21:40:00
pressure updated at: 2022-06-26 21:40:00
temperature has no update
humidity has no update
pressure has no update
temperature updated at: 2022-06-26 21:50:00
humidity updated at: 2022-06-26 21:50:00
pressure updated at: 2022-06-26 21:50:00
temperature has no update
humidity has no update
pressure has no update
temperature updated at: 2022-06-26 22:00:00
humidity updated at: 2022-06-26 22:00:00
pressure updated at: 2022-06-26 22:00:00
temperature has no update
humidity has no update
pressure has no update
temperature updated at: 2022-06-26 22:10:00
humidity updated at: 2022-06-26 22:10:00
pressure updated at: 2022-06-26 22:10:00
temperature has no update
humidity has no update
pressure has no update
temperature updated at: 2022-06-26 22:20:00
humidity updated at: 2022-06-26 22:20:00
pressure updated at: 2022-06-26 22:20:00
temperature has no update
humidity has no update
pressure has no update
temperature updated at: 2022-06-26 22:30:00
humidity updated at: 2022-06-26 22:30:00
pressure updated at: 2022-06-26 22:30:00
temperature has no update
humidity has no update
pressure has no update
temperature updated at: 2022-06-26 22:40:00
humidity updated at: 2022-06-26 22:40:00
pressure updated at: 2022-06-26 22:40:00
temperature has no update
humidity has no update
pressure has no update
temperature updated at: 2022-06-26 22:50:00
humidity updated at: 2022-06-26 22:50:00
pressure updated at: 2022-06-26 22:50:00
temperature has no update
humidity has no update
pressure has no update
temperature updated at: 2022-06-26 23:00:00
humidity updated at: 2022-06-26 23:00:00
pressure updated at: 2022-06-26 23:00:00
temperature has no update
humidity has no update
pressure has no update
temperature updated at: 2022-06-26 23:10:00
humidity updated at: 2022-06-26 23:10:00
pressure updated at: 2022-06-26 23:10:00
temperature has no update
humidity has no update
pressure has no update
temperature updated at: 2022-06-26 23:20:00
humidity updated at: 2022-06-26 23:20:00
pressure updated at: 2022-06-26 23:20:00
temperature has no update
humidity has no update
pressure has no update
temperature updated at: 2022-06-26 23:30:00
humidity updated at: 2022-06-26 23:30:00
pressure updated at: 2022-06-26 23:30:00
temperature has no update
humidity has no update
pressure has no update
temperature updated at: 2022-06-26 23:40:00
humidity updated at: 2022-06-26 23:40:00
pressure updated at: 2022-06-26 23:40:00
temperature has no update
humidity has no update
pressure has no update
temperature updated at: 2022-06-26 23:50:00
humidity updated at: 2022-06-26 23:50:00
pressure updated at: 2022-06-26 23:50:00
temperature has no update
humidity has no update
pressure has no update
temperature updated at: 2022-06-27 00:00:00
humidity updated at: 2022-06-27 00:00:00
pressure updated at: 2022-06-27 00:00:00
temperature has no update
humidity has no update
pressure has no update
temperature updated at: 2022-06-27 00:10:00
humidity updated at: 2022-06-27 00:10:00
pressure updated at: 2022-06-27 00:10:00
temperature has no update
humidity has no update
pressure has no update
temperature updated at: 2022-06-27 00:20:00
humidity updated at: 2022-06-27 00:20:00
pressure updated at: 2022-06-27 00:20:00
temperature has no update
humidity has no update
pressure has no update
temperature updated at: 2022-06-27 00:30:00
humidity updated at: 2022-06-27 00:30:00
pressure updated at: 2022-06-27 00:30:00
temperature has no update
humidity has no update
pressure has no update
temperature updated at: 2022-06-27 00:40:00
humidity updated at: 2022-06-27 00:40:00
pressure updated at: 2022-06-27 00:40:00
temperature has no update
humidity has no update
pressure has no update
temperature updated at: 2022-06-27 00:50:00
humidity updated at: 2022-06-27 00:50:00
pressure updated at: 2022-06-27 00:50:00
temperature has no update
humidity has no update
pressure has no update
temperature updated at: 2022-06-27 01:00:00
humidity updated at: 2022-06-27 01:00:00
pressure updated at: 2022-06-27 01:00:00
temperature has no update
humidity has no update
pressure has no update
temperature updated at: 2022-06-27 01:10:00
humidity updated at: 2022-06-27 01:10:00
pressure updated at: 2022-06-27 01:10:00
temperature has no update
humidity has no update
pressure has no update
temperature updated at: 2022-06-27 01:20:00
humidity updated at: 2022-06-27 01:20:00
pressure updated at: 2022-06-27 01:20:00
temperature has no update
humidity has no update
pressure has no update
temperature updated at: 2022-06-27 01:30:00
humidity updated at: 2022-06-27 01:30:00
pressure updated at: 2022-06-27 01:30:00
temperature has no update
humidity has no update
pressure has no update
temperature updated at: 2022-06-27 01:40:00
humidity updated at: 2022-06-27 01:40:00
pressure updated at: 2022-06-27 01:40:00
temperature has no update
humidity has no update
pressure has no update
temperature updated at: 2022-06-27 01:50:00
humidity updated at: 2022-06-27 01:50:00
pressure updated at: 2022-06-27 01:50:00
temperature has no update
humidity has no update
pressure has no update
temperature updated at: 2022-06-27 02:00:00
humidity updated at: 2022-06-27 02:00:00
pressure updated at: 2022-06-27 02:00:00
temperature has no update
humidity has no update
pressure has no update
temperature updated at: 2022-06-27 02:10:00
humidity updated at: 2022-06-27 02:10:00
pressure updated at: 2022-06-27 02:10:00
temperature has no update
humidity has no update
pressure has no update
temperature updated at: 2022-06-27 02:20:00
humidity updated at: 2022-06-27 02:20:00
pressure updated at: 2022-06-27 02:20:00
temperature has no update
humidity has no update
pressure has no update
temperature updated at: 2022-06-27 02:30:00
humidity updated at: 2022-06-27 02:30:00
pressure updated at: 2022-06-27 02:30:00
temperature has no update
humidity has no update
pressure has no update
temperature updated at: 2022-06-27 02:40:00
humidity updated at: 2022-06-27 02:40:00
pressure updated at: 2022-06-27 02:40:00
temperature has no update
humidity has no update
pressure has no update
temperature updated at: 2022-06-27 02:50:00
humidity updated at: 2022-06-27 02:50:00
pressure updated at: 2022-06-27 02:50:00
temperature has no update
humidity has no update
pressure has no update
temperature updated at: 2022-06-27 03:00:00
humidity updated at: 2022-06-27 03:00:00
pressure updated at: 2022-06-27 03:00:00
temperature has no update
humidity has no update
pressure has no update
temperature updated at: 2022-06-27 03:10:00
humidity updated at: 2022-06-27 03:10:00
pressure updated at: 2022-06-27 03:10:00
temperature has no update
humidity has no update
pressure has no update
temperature updated at: 2022-06-27 03:20:00
humidity updated at: 2022-06-27 03:20:00
pressure updated at: 2022-06-27 03:20:00
temperature has no update
humidity has no update
pressure has no update
temperature has no update
humidity has no update
pressure has no update
temperature updated at: 2022-06-27 03:30:00
humidity updated at: 2022-06-27 03:30:00
pressure updated at: 2022-06-27 03:30:00
temperature has no update
humidity has no update
pressure has no update
temperature updated at: 2022-06-27 03:40:00
humidity updated at: 2022-06-27 03:40:00
pressure updated at: 2022-06-27 03:40:00
temperature updated at: 2022-06-27 03:50:00
humidity updated at: 2022-06-27 03:50:00
pressure updated at: 2022-06-27 03:50:00
temperature has no update
humidity has no update
pressure has no update
temperature updated at: 2022-06-27 04:00:00
humidity updated at: 2022-06-27 04:00:00
pressure updated at: 2022-06-27 04:00:00
temperature has no update
humidity has no update
pressure has no update
temperature updated at: 2022-06-27 04:10:00
humidity updated at: 2022-06-27 04:10:00
pressure updated at: 2022-06-27 04:10:00
temperature has no update
humidity has no update
pressure has no update
temperature updated at: 2022-06-27 04:20:00
humidity updated at: 2022-06-27 04:20:00
pressure updated at: 2022-06-27 04:20:00
temperature updated at: 2022-06-27 04:30:00
humidity has no update
pressure updated at: 2022-06-27 04:30:00
temperature has no update
humidity updated at: 2022-06-27 04:30:00
pressure has no update
temperature updated at: 2022-06-27 04:40:00
humidity updated at: 2022-06-27 04:40:00
pressure has no update
temperature has no update
humidity has no update
pressure updated at: 2022-06-27 04:40:00
temperature has no update
humidity has no update
pressure has no update
temperature updated at: 2022-06-27 04:50:00
humidity updated at: 2022-06-27 04:50:00
pressure updated at: 2022-06-27 04:50:00
temperature has no update
humidity has no update
pressure has no update
temperature updated at: 2022-06-27 05:00:00
humidity updated at: 2022-06-27 05:00:00
pressure updated at: 2022-06-27 05:00:00
temperature has no update
humidity has no update
pressure has no update
temperature updated at: 2022-06-27 05:10:00
humidity updated at: 2022-06-27 05:10:00
pressure updated at: 2022-06-27 05:10:00
temperature has no update
humidity has no update
pressure has no update
temperature updated at: 2022-06-27 05:20:00
humidity updated at: 2022-06-27 05:20:00
pressure updated at: 2022-06-27 05:20:00
temperature has no update
humidity has no update
pressure has no update
temperature updated at: 2022-06-27 05:30:00
humidity updated at: 2022-06-27 05:30:00
pressure updated at: 2022-06-27 05:30:00
temperature has no update
humidity has no update
pressure has no update
temperature updated at: 2022-06-27 05:40:00
humidity updated at: 2022-06-27 05:40:00
pressure updated at: 2022-06-27 05:40:00
temperature has no update
humidity has no update
pressure has no update
temperature updated at: 2022-06-27 05:50:00
humidity updated at: 2022-06-27 05:50:00
pressure updated at: 2022-06-27 05:50:00
temperature has no update
humidity has no update
pressure has no update
temperature updated at: 2022-06-27 06:00:00
humidity updated at: 2022-06-27 06:00:00
pressure updated at: 2022-06-27 06:00:00
temperature updated at: 2022-06-27 06:10:00
humidity updated at: 2022-06-27 06:10:00
pressure updated at: 2022-06-27 06:10:00
temperature has no update
humidity has no update
pressure has no update
temperature updated at: 2022-06-27 06:20:00
humidity updated at: 2022-06-27 06:20:00
pressure updated at: 2022-06-27 06:20:00
temperature has no update
humidity has no update
pressure has no update
temperature has no update
humidity has no update
pressure has no update
temperature updated at: 2022-06-27 06:30:00
humidity updated at: 2022-06-27 06:30:00
pressure updated at: 2022-06-27 06:30:00
temperature has no update
humidity has no update
pressure has no update
temperature updated at: 2022-06-27 06:40:00
humidity updated at: 2022-06-27 06:40:00
pressure updated at: 2022-06-27 06:40:00
temperature updated at: 2022-06-27 06:50:00
humidity updated at: 2022-06-27 06:50:00
pressure updated at: 2022-06-27 06:50:00
temperature has no update
humidity has no update
pressure has no update
temperature updated at: 2022-06-27 07:00:00
humidity has no update
pressure updated at: 2022-06-27 07:00:00
temperature has no update
humidity updated at: 2022-06-27 07:00:00
pressure has no update
temperature updated at: 2022-06-27 07:10:00
humidity updated at: 2022-06-27 07:10:00
pressure updated at: 2022-06-27 07:10:00
temperature has no update
humidity has no update
pressure has no update
temperature has no update
humidity has no update
pressure has no update
temperature updated at: 2022-06-27 07:20:00
humidity updated at: 2022-06-27 07:20:00
pressure updated at: 2022-06-27 07:20:00
temperature updated at: 2022-06-27 07:30:00
humidity updated at: 2022-06-27 07:30:00
pressure updated at: 2022-06-27 07:30:00
temperature has no update
humidity has no update
pressure has no update
temperature updated at: 2022-06-27 07:40:00
humidity updated at: 2022-06-27 07:40:00
pressure updated at: 2022-06-27 07:40:00
temperature has no update
humidity has no update
pressure has no update
temperature has no update
humidity has no update
pressure updated at: 2022-06-27 07:50:00
temperature updated at: 2022-06-27 07:50:00
humidity updated at: 2022-06-27 07:50:00
pressure has no update
temperature has no update
humidity has no update
pressure updated at: 2022-06-27 08:00:00
temperature updated at: 2022-06-27 08:00:00
humidity updated at: 2022-06-27 08:00:00
pressure has no update
temperature updated at: 2022-06-27 08:10:00
humidity updated at: 2022-06-27 08:10:00
pressure updated at: 2022-06-27 08:10:00
temperature has no update
humidity has no update
pressure has no update
temperature updated at: 2022-06-27 08:20:00
humidity updated at: 2022-06-27 08:20:00
pressure updated at: 2022-06-27 08:20:00
temperature has no update
humidity has no update
pressure has no update
temperature updated at: 2022-06-27 08:30:00
humidity updated at: 2022-06-27 08:30:00
pressure has no update
temperature has no update
humidity has no update
pressure updated at: 2022-06-27 08:30:00
temperature has no update
humidity updated at: 2022-06-27 08:40:00
pressure updated at: 2022-06-27 08:40:00
temperature updated at: 2022-06-27 08:40:00
humidity has no update
pressure has no update
temperature updated at: 2022-06-27 08:50:00
humidity updated at: 2022-06-27 08:50:00
pressure updated at: 2022-06-27 08:50:00
temperature has no update
humidity has no update
pressure has no update
temperature updated at: 2022-06-27 09:00:00
humidity updated at: 2022-06-27 09:00:00
pressure updated at: 2022-06-27 09:00:00
temperature has no update
humidity has no update
pressure has no update
temperature updated at: 2022-06-27 09:10:00
humidity updated at: 2022-06-27 09:10:00
pressure updated at: 2022-06-27 09:10:00
temperature has no update
humidity has no update
pressure has no update
temperature updated at: 2022-06-27 09:20:00
humidity updated at: 2022-06-27 09:20:00
pressure updated at: 2022-06-27 09:20:00
temperature has no update
humidity has no update
pressure has no update
temperature updated at: 2022-06-27 09:30:00
humidity updated at: 2022-06-27 09:30:00
pressure updated at: 2022-06-27 09:30:00
temperature has no update
humidity has no update
pressure has no update
temperature updated at: 2022-06-27 09:40:00
humidity updated at: 2022-06-27 09:40:00
pressure updated at: 2022-06-27 09:40:00
temperature has no update
humidity has no update
pressure has no update
temperature updated at: 2022-06-27 09:50:00
humidity updated at: 2022-06-27 09:50:00
pressure updated at: 2022-06-27 09:50:00
temperature has no update
humidity has no update
pressure has no update
temperature updated at: 2022-06-27 10:00:00
humidity updated at: 2022-06-27 10:00:00
pressure updated at: 2022-06-27 10:00:00
temperature has no update
humidity has no update
pressure has no update
temperature updated at: 2022-06-27 10:10:00
humidity updated at: 2022-06-27 10:10:00
pressure updated at: 2022-06-27 10:10:00
temperature has no update
humidity has no update
pressure has no update
temperature updated at: 2022-06-27 10:20:00
humidity updated at: 2022-06-27 10:20:00
pressure updated at: 2022-06-27 10:20:00
temperature has no update
humidity has no update
pressure has no update
temperature updated at: 2022-06-27 10:30:00
humidity updated at: 2022-06-27 10:30:00
pressure updated at: 2022-06-27 10:30:00
temperature has no update
humidity has no update
pressure has no update
temperature updated at: 2022-06-27 10:40:00
humidity updated at: 2022-06-27 10:40:00
pressure updated at: 2022-06-27 10:40:00
temperature has no update
humidity has no update
pressure has no update
temperature updated at: 2022-06-27 10:50:00
humidity updated at: 2022-06-27 10:50:00
pressure updated at: 2022-06-27 10:50:00
temperature has no update
humidity has no update
pressure has no update
temperature updated at: 2022-06-27 11:00:00
humidity updated at: 2022-06-27 11:00:00
pressure updated at: 2022-06-27 11:00:00
temperature has no update
humidity has no update
pressure has no update
temperature updated at: 2022-06-27 11:10:00
humidity updated at: 2022-06-27 11:10:00
pressure updated at: 2022-06-27 11:10:00
temperature has no update
humidity has no update
pressure has no update
temperature updated at: 2022-06-27 11:20:00
humidity updated at: 2022-06-27 11:20:00
pressure updated at: 2022-06-27 11:20:00
temperature has no update
humidity has no update
pressure has no update
temperature updated at: 2022-06-27 11:30:00
humidity updated at: 2022-06-27 11:30:00
pressure updated at: 2022-06-27 11:30:00
temperature has no update
humidity has no update
pressure has no update
temperature has no update
humidity has no update
pressure has no update
temperature updated at: 2022-06-27 11:40:00
humidity updated at: 2022-06-27 11:40:00
pressure updated at: 2022-06-27 11:40:00
temperature updated at: 2022-06-27 11:50:00
humidity updated at: 2022-06-27 11:50:00
pressure updated at: 2022-06-27 11:50:00
temperature has no update
humidity has no update
pressure has no update
temperature updated at: 2022-06-27 12:00:00
humidity updated at: 2022-06-27 12:00:00
pressure updated at: 2022-06-27 12:00:00
temperature has no update
humidity has no update
pressure has no update
temperature has no update
humidity has no update
pressure has no update
temperature updated at: 2022-06-27 12:10:00
humidity updated at: 2022-06-27 12:10:00
pressure updated at: 2022-06-27 12:10:00
temperature updated at: 2022-06-27 12:20:00
humidity updated at: 2022-06-27 12:20:00
pressure updated at: 2022-06-27 12:20:00
temperature has no update
humidity has no update
pressure has no update
temperature has no update
humidity has no update
pressure has no update
temperature updated at: 2022-06-27 12:30:00
humidity updated at: 2022-06-27 12:30:00
pressure updated at: 2022-06-27 12:30:00
temperature has no update
humidity has no update
pressure has no update
temperature updated at: 2022-06-27 12:40:00
humidity updated at: 2022-06-27 12:40:00
pressure updated at: 2022-06-27 12:40:00
temperature has no update
humidity has no update
pressure has no update
temperature updated at: 2022-06-27 12:50:00
humidity updated at: 2022-06-27 12:50:00
pressure updated at: 2022-06-27 12:50:00
temperature updated at: 2022-06-27 13:00:00
humidity updated at: 2022-06-27 13:00:00
pressure updated at: 2022-06-27 13:00:00
temperature has no update
humidity has no update
pressure has no update
temperature updated at: 2022-06-27 13:10:00
humidity updated at: 2022-06-27 13:10:00
pressure updated at: 2022-06-27 13:10:00
temperature has no update
humidity has no update
pressure has no update
temperature updated at: 2022-06-27 13:20:00
humidity updated at: 2022-06-27 13:20:00
pressure updated at: 2022-06-27 13:20:00
temperature has no update
humidity has no update
pressure has no update
temperature updated at: 2022-06-27 13:30:00
humidity updated at: 2022-06-27 13:30:00
pressure updated at: 2022-06-27 13:30:00
temperature has no update
humidity has no update
pressure has no update
temperature updated at: 2022-06-27 13:40:00
humidity updated at: 2022-06-27 13:40:00
pressure updated at: 2022-06-27 13:40:00
temperature has no update
humidity has no update
pressure has no update
temperature updated at: 2022-06-27 13:50:00
humidity updated at: 2022-06-27 13:50:00
pressure updated at: 2022-06-27 13:50:00
temperature has no update
humidity has no update
pressure has no update
temperature updated at: 2022-06-27 14:00:00
humidity updated at: 2022-06-27 14:00:00
pressure updated at: 2022-06-27 14:00:00
temperature has no update
humidity has no update
pressure has no update
temperature updated at: 2022-06-27 14:10:00
humidity updated at: 2022-06-27 14:10:00
pressure updated at: 2022-06-27 14:10:00
temperature has no update
humidity has no update
pressure has no update
temperature updated at: 2022-06-27 14:20:00
humidity updated at: 2022-06-27 14:20:00
pressure updated at: 2022-06-27 14:20:00
temperature has no update
humidity has no update
pressure has no update
temperature updated at: 2022-06-27 14:30:00
humidity updated at: 2022-06-27 14:30:00
pressure updated at: 2022-06-27 14:30:00
temperature has no update
humidity has no update
pressure has no update
temperature updated at: 2022-06-27 14:40:00
humidity updated at: 2022-06-27 14:40:00
pressure updated at: 2022-06-27 14:40:00
temperature has no update
humidity has no update
pressure has no update
temperature updated at: 2022-06-27 14:50:00
humidity updated at: 2022-06-27 14:50:00
pressure updated at: 2022-06-27 14:50:00
temperature has no update
humidity has no update
pressure has no update
temperature updated at: 2022-06-27 15:00:00
humidity updated at: 2022-06-27 15:00:00
pressure updated at: 2022-06-27 15:00:00
temperature has no update
humidity has no update
pressure has no update
temperature updated at: 2022-06-27 15:10:00
humidity updated at: 2022-06-27 15:10:00
pressure updated at: 2022-06-27 15:10:00
temperature has no update
humidity has no update
pressure has no update
temperature updated at: 2022-06-27 15:20:00
humidity updated at: 2022-06-27 15:20:00
pressure updated at: 2022-06-27 15:20:00
temperature has no update
humidity has no update
pressure has no update
temperature updated at: 2022-06-27 15:30:00
humidity updated at: 2022-06-27 15:30:00
pressure updated at: 2022-06-27 15:30:00
temperature has no update
humidity has no update
pressure has no update
temperature updated at: 2022-06-27 15:40:00
humidity updated at: 2022-06-27 15:40:00
pressure updated at: 2022-06-27 15:40:00
temperature has no update
humidity has no update
pressure has no update
temperature updated at: 2022-06-27 15:50:00
humidity updated at: 2022-06-27 15:50:00
pressure updated at: 2022-06-27 15:50:00
temperature has no update
humidity has no update
pressure has no update
temperature updated at: 2022-06-27 16:00:00
humidity updated at: 2022-06-27 16:00:00
pressure updated at: 2022-06-27 16:00:00
temperature has no update
humidity has no update
pressure has no update
temperature updated at: 2022-06-27 16:10:00
humidity updated at: 2022-06-27 16:10:00
pressure updated at: 2022-06-27 16:10:00
temperature has no update
humidity has no update
pressure has no update
temperature updated at: 2022-06-27 16:20:00
humidity updated at: 2022-06-27 16:20:00
pressure updated at: 2022-06-27 16:20:00
temperature has no update
humidity has no update
pressure has no update
temperature updated at: 2022-06-27 16:30:00
humidity updated at: 2022-06-27 16:30:00
pressure updated at: 2022-06-27 16:30:00
temperature has no update
humidity has no update
pressure has no update
temperature updated at: 2022-06-27 16:40:00
humidity updated at: 2022-06-27 16:40:00
pressure updated at: 2022-06-27 16:40:00
temperature has no update
humidity has no update
pressure has no update
temperature updated at: 2022-06-27 16:50:00
humidity updated at: 2022-06-27 16:50:00
pressure updated at: 2022-06-27 16:50:00
temperature has no update
humidity has no update
pressure has no update
temperature updated at: 2022-06-27 17:00:00
humidity updated at: 2022-06-27 17:00:00
pressure updated at: 2022-06-27 17:00:00
temperature has no update
humidity has no update
pressure has no update
temperature updated at: 2022-06-27 17:10:00
humidity updated at: 2022-06-27 17:10:00
pressure updated at: 2022-06-27 17:10:00
temperature has no update
humidity has no update
pressure has no update
temperature updated at: 2022-06-27 17:20:00
humidity updated at: 2022-06-27 17:20:00
pressure updated at: 2022-06-27 17:20:00
temperature has no update
humidity has no update
pressure has no update
temperature updated at: 2022-06-27 17:30:00
humidity updated at: 2022-06-27 17:30:00
pressure updated at: 2022-06-27 17:30:00
temperature has no update
humidity has no update
pressure has no update
temperature updated at: 2022-06-27 17:40:00
humidity updated at: 2022-06-27 17:40:00
pressure updated at: 2022-06-27 17:40:00
temperature has no update
humidity has no update
pressure has no update
temperature updated at: 2022-06-27 17:50:00
humidity updated at: 2022-06-27 17:50:00
pressure updated at: 2022-06-27 17:50:00
temperature has no update
humidity has no update
pressure has no update
temperature updated at: 2022-06-27 18:00:00
humidity updated at: 2022-06-27 18:00:00
pressure updated at: 2022-06-27 18:00:00
temperature has no update
humidity has no update
pressure has no update
temperature updated at: 2022-06-27 18:10:00
humidity updated at: 2022-06-27 18:10:00
pressure updated at: 2022-06-27 18:10:00
temperature has no update
humidity has no update
pressure has no update
temperature updated at: 2022-06-27 18:20:00
humidity updated at: 2022-06-27 18:20:00
pressure updated at: 2022-06-27 18:20:00
temperature has no update
humidity has no update
pressure has no update
temperature updated at: 2022-06-27 18:30:00
humidity updated at: 2022-06-27 18:30:00
pressure updated at: 2022-06-27 18:30:00
temperature has no update
humidity has no update
pressure has no update
temperature updated at: 2022-06-27 18:40:00
humidity updated at: 2022-06-27 18:40:00
pressure updated at: 2022-06-27 18:40:00
temperature has no update
humidity has no update
pressure has no update
temperature updated at: 2022-06-27 18:50:00
humidity updated at: 2022-06-27 18:50:00
pressure updated at: 2022-06-27 18:50:00
temperature has no update
humidity has no update
pressure has no update
temperature updated at: 2022-06-27 19:00:00
humidity updated at: 2022-06-27 19:00:00
pressure updated at: 2022-06-27 19:00:00
temperature has no update
humidity has no update
pressure has no update
temperature updated at: 2022-06-27 19:10:00
humidity updated at: 2022-06-27 19:10:00
pressure updated at: 2022-06-27 19:10:00
temperature has no update
humidity has no update
pressure has no update
temperature updated at: 2022-06-27 19:20:00
humidity updated at: 2022-06-27 19:20:00
pressure updated at: 2022-06-27 19:20:00
temperature has no update
humidity has no update
pressure has no update
temperature updated at: 2022-06-27 19:30:00
humidity updated at: 2022-06-27 19:30:00
pressure updated at: 2022-06-27 19:30:00
temperature has no update
humidity has no update
pressure has no update
temperature updated at: 2022-06-27 19:40:00
humidity updated at: 2022-06-27 19:40:00
pressure updated at: 2022-06-27 19:40:00
temperature has no update
humidity has no update
pressure has no update
temperature updated at: 2022-06-27 19:50:00
humidity updated at: 2022-06-27 19:50:00
pressure updated at: 2022-06-27 19:50:00
temperature has no update
humidity has no update
pressure has no update
temperature updated at: 2022-06-27 20:00:00
humidity updated at: 2022-06-27 20:00:00
pressure updated at: 2022-06-27 20:00:00
temperature has no update
humidity has no update
pressure has no update
temperature updated at: 2022-06-27 20:10:00
humidity updated at: 2022-06-27 20:10:00
pressure updated at: 2022-06-27 20:10:00
temperature has no update
humidity has no update
pressure has no update
temperature updated at: 2022-06-27 20:20:00
humidity updated at: 2022-06-27 20:20:00
pressure updated at: 2022-06-27 20:20:00
temperature has no update
humidity has no update
pressure has no update
temperature updated at: 2022-06-27 20:30:00
humidity updated at: 2022-06-27 20:30:00
pressure updated at: 2022-06-27 20:30:00
temperature has no update
humidity has no update
pressure has no update
temperature updated at: 2022-06-27 20:40:00
humidity updated at: 2022-06-27 20:40:00
pressure updated at: 2022-06-27 20:40:00
temperature has no update
humidity has no update
pressure has no update
temperature updated at: 2022-06-27 20:50:00
humidity updated at: 2022-06-27 20:50:00
pressure updated at: 2022-06-27 20:50:00
temperature has no update
humidity has no update
pressure has no update
temperature updated at: 2022-06-27 21:00:00
humidity updated at: 2022-06-27 21:00:00
pressure updated at: 2022-06-27 21:00:00
temperature has no update
humidity has no update
pressure has no update
temperature updated at: 2022-06-27 21:10:00
humidity updated at: 2022-06-27 21:10:00
pressure updated at: 2022-06-27 21:10:00
temperature has no update
humidity has no update
pressure has no update
temperature updated at: 2022-06-27 21:20:00
humidity updated at: 2022-06-27 21:20:00
pressure updated at: 2022-06-27 21:20:00
temperature has no update
humidity has no update
pressure has no update
temperature updated at: 2022-06-27 21:30:00
humidity updated at: 2022-06-27 21:30:00
pressure updated at: 2022-06-27 21:30:00
temperature has no update
humidity has no update
pressure has no update
temperature updated at: 2022-06-27 21:40:00
humidity updated at: 2022-06-27 21:40:00
pressure updated at: 2022-06-27 21:40:00
temperature has no update
humidity has no update
pressure has no update
temperature updated at: 2022-06-27 21:50:00
humidity updated at: 2022-06-27 21:50:00
pressure updated at: 2022-06-27 21:50:00
temperature has no update
humidity has no update
pressure has no update
temperature updated at: 2022-06-27 22:00:00
humidity updated at: 2022-06-27 22:00:00
pressure updated at: 2022-06-27 22:00:00
temperature has no update
humidity has no update
pressure has no update
temperature updated at: 2022-06-27 22:10:00
humidity updated at: 2022-06-27 22:10:00
pressure updated at: 2022-06-27 22:10:00
temperature has no update
humidity has no update
pressure has no update
temperature updated at: 2022-06-27 22:20:00
humidity updated at: 2022-06-27 22:20:00
pressure updated at: 2022-06-27 22:20:00
temperature has no update
humidity has no update
pressure has no update
temperature updated at: 2022-06-27 22:30:00
humidity updated at: 2022-06-27 22:30:00
pressure updated at: 2022-06-27 22:30:00
temperature has no update
humidity has no update
pressure has no update
temperature updated at: 2022-06-27 22:40:00
humidity updated at: 2022-06-27 22:40:00
pressure updated at: 2022-06-27 22:40:00
temperature has no update
humidity has no update
pressure has no update
temperature updated at: 2022-06-27 22:50:00
humidity updated at: 2022-06-27 22:50:00
pressure updated at: 2022-06-27 22:50:00
temperature has no update
humidity has no update
pressure has no update
temperature updated at: 2022-06-27 23:00:00
humidity updated at: 2022-06-27 23:00:00
pressure updated at: 2022-06-27 23:00:00
temperature has no update
humidity has no update
pressure has no update
temperature updated at: 2022-06-27 23:10:00
humidity updated at: 2022-06-27 23:10:00
pressure updated at: 2022-06-27 23:10:00
temperature has no update
humidity has no update
pressure has no update
temperature updated at: 2022-06-27 23:20:00
humidity updated at: 2022-06-27 23:20:00
pressure updated at: 2022-06-27 23:20:00
temperature has no update
humidity has no update
pressure has no update
temperature updated at: 2022-06-27 23:30:00
humidity updated at: 2022-06-27 23:30:00
pressure updated at: 2022-06-27 23:30:00
temperature has no update
humidity has no update
pressure has no update
temperature updated at: 2022-06-27 23:40:00
humidity updated at: 2022-06-27 23:40:00
pressure updated at: 2022-06-27 23:40:00
temperature has no update
humidity has no update
pressure has no update
temperature updated at: 2022-06-27 23:50:00
humidity updated at: 2022-06-27 23:50:00
pressure updated at: 2022-06-27 23:50:00
temperature has no update
humidity has no update
pressure has no update
temperature updated at: 2022-06-28 00:00:00
humidity updated at: 2022-06-28 00:00:00
pressure updated at: 2022-06-28 00:00:00
temperature has no update
humidity has no update
pressure has no update
temperature updated at: 2022-06-28 00:10:00
humidity updated at: 2022-06-28 00:10:00
pressure updated at: 2022-06-28 00:10:00
temperature has no update
humidity has no update
pressure has no update
temperature updated at: 2022-06-28 00:20:00
humidity updated at: 2022-06-28 00:20:00
pressure updated at: 2022-06-28 00:20:00
temperature has no update
humidity has no update
pressure has no update
temperature updated at: 2022-06-28 00:30:00
humidity updated at: 2022-06-28 00:30:00
pressure updated at: 2022-06-28 00:30:00
temperature has no update
humidity has no update
pressure has no update
temperature updated at: 2022-06-28 00:40:00
humidity updated at: 2022-06-28 00:40:00
pressure updated at: 2022-06-28 00:40:00
temperature has no update
humidity has no update
pressure has no update
temperature updated at: 2022-06-28 00:50:00
humidity updated at: 2022-06-28 00:50:00
pressure updated at: 2022-06-28 00:50:00
temperature has no update
humidity has no update
pressure has no update
temperature updated at: 2022-06-28 01:00:00
humidity updated at: 2022-06-28 01:00:00
pressure updated at: 2022-06-28 01:00:00
temperature has no update
humidity has no update
pressure has no update
temperature updated at: 2022-06-28 01:10:00
humidity updated at: 2022-06-28 01:10:00
pressure updated at: 2022-06-28 01:10:00
temperature has no update
humidity has no update
pressure has no update
temperature updated at: 2022-06-28 01:20:00
humidity updated at: 2022-06-28 01:20:00
pressure updated at: 2022-06-28 01:20:00
temperature has no update
humidity has no update
pressure has no update
temperature updated at: 2022-06-28 01:30:00
humidity updated at: 2022-06-28 01:30:00
pressure updated at: 2022-06-28 01:30:00
temperature has no update
humidity has no update
pressure has no update
temperature updated at: 2022-06-28 01:40:00
humidity updated at: 2022-06-28 01:40:00
pressure updated at: 2022-06-28 01:40:00
temperature has no update
humidity has no update
pressure has no update
temperature updated at: 2022-06-28 01:50:00
humidity updated at: 2022-06-28 01:50:00
pressure updated at: 2022-06-28 01:50:00
temperature has no update
humidity has no update
pressure has no update
temperature updated at: 2022-06-28 02:00:00
humidity updated at: 2022-06-28 02:00:00
pressure updated at: 2022-06-28 02:00:00
temperature has no update
humidity has no update
pressure has no update
temperature updated at: 2022-06-28 02:10:00
humidity updated at: 2022-06-28 02:10:00
pressure updated at: 2022-06-28 02:10:00
temperature has no update
humidity has no update
pressure has no update
temperature updated at: 2022-06-28 02:20:00
humidity updated at: 2022-06-28 02:20:00
pressure updated at: 2022-06-28 02:20:00
temperature has no update
humidity has no update
pressure has no update
temperature updated at: 2022-06-28 02:30:00
humidity updated at: 2022-06-28 02:30:00
pressure updated at: 2022-06-28 02:30:00
temperature has no update
humidity has no update
pressure has no update
temperature updated at: 2022-06-28 02:40:00
humidity updated at: 2022-06-28 02:40:00
pressure updated at: 2022-06-28 02:40:00
temperature has no update
humidity has no update
pressure has no update
temperature updated at: 2022-06-28 02:50:00
humidity updated at: 2022-06-28 02:50:00
pressure updated at: 2022-06-28 02:50:00
temperature has no update
humidity has no update
pressure has no update
temperature updated at: 2022-06-28 03:00:00
humidity updated at: 2022-06-28 03:00:00
pressure updated at: 2022-06-28 03:00:00
temperature has no update
humidity has no update
pressure has no update
temperature has no update
humidity has no update
pressure has no update
temperature updated at: 2022-06-28 03:10:00
humidity updated at: 2022-06-28 03:10:00
pressure updated at: 2022-06-28 03:10:00
temperature has no update
humidity has no update
pressure has no update
temperature updated at: 2022-06-28 03:20:00
humidity has no update
pressure has no update
temperature has no update
humidity updated at: 2022-06-28 03:20:00
pressure updated at: 2022-06-28 03:20:00
temperature updated at: 2022-06-28 03:30:00
humidity updated at: 2022-06-28 03:30:00
pressure updated at: 2022-06-28 03:30:00
temperature updated at: 2022-06-28 03:40:00
humidity updated at: 2022-06-28 03:40:00
pressure updated at: 2022-06-28 03:40:00
temperature has no update
humidity has no update
pressure has no update
temperature updated at: 2022-06-28 03:50:00
humidity updated at: 2022-06-28 03:50:00
pressure updated at: 2022-06-28 03:50:00
temperature has no update
humidity has no update
pressure has no update
temperature updated at: 2022-06-28 04:00:00
humidity updated at: 2022-06-28 04:00:00
pressure updated at: 2022-06-28 04:00:00
temperature has no update
humidity has no update
pressure has no update
temperature updated at: 2022-06-28 04:10:00
humidity updated at: 2022-06-28 04:10:00
pressure updated at: 2022-06-28 04:10:00
temperature has no update
humidity has no update
pressure has no update
temperature updated at: 2022-06-28 04:20:00
humidity updated at: 2022-06-28 04:20:00
pressure updated at: 2022-06-28 04:20:00
temperature has no update
humidity has no update
pressure has no update
temperature updated at: 2022-06-28 04:30:00
humidity updated at: 2022-06-28 04:30:00
pressure updated at: 2022-06-28 04:30:00
temperature has no update
humidity has no update
pressure has no update
temperature updated at: 2022-06-28 04:40:00
humidity updated at: 2022-06-28 04:40:00
pressure updated at: 2022-06-28 04:40:00
temperature has no update
humidity has no update
pressure has no update
temperature updated at: 2022-06-28 04:50:00
humidity updated at: 2022-06-28 04:50:00
pressure updated at: 2022-06-28 04:50:00
temperature has no update
humidity has no update
pressure has no update
temperature updated at: 2022-06-28 05:00:00
humidity updated at: 2022-06-28 05:00:00
pressure updated at: 2022-06-28 05:00:00
temperature has no update
humidity has no update
pressure has no update
temperature updated at: 2022-06-28 05:10:00
humidity updated at: 2022-06-28 05:10:00
pressure updated at: 2022-06-28 05:10:00
temperature has no update
humidity has no update
pressure has no update
temperature updated at: 2022-06-28 05:20:00
humidity updated at: 2022-06-28 05:20:00
pressure updated at: 2022-06-28 05:20:00
temperature has no update
humidity has no update
pressure has no update
temperature updated at: 2022-06-28 05:30:00
humidity updated at: 2022-06-28 05:30:00
pressure updated at: 2022-06-28 05:30:00
temperature has no update
humidity has no update
pressure has no update
temperature updated at: 2022-06-28 05:40:00
humidity updated at: 2022-06-28 05:40:00
pressure updated at: 2022-06-28 05:40:00
temperature has no update
humidity has no update
pressure has no update
temperature updated at: 2022-06-28 05:50:00
humidity updated at: 2022-06-28 05:50:00
pressure updated at: 2022-06-28 05:50:00
temperature has no update
humidity has no update
pressure has no update
temperature updated at: 2022-06-28 06:00:00
humidity updated at: 2022-06-28 06:00:00
pressure updated at: 2022-06-28 06:00:00
temperature has no update
humidity has no update
pressure has no update
temperature updated at: 2022-06-28 06:10:00
humidity updated at: 2022-06-28 06:10:00
pressure updated at: 2022-06-28 06:10:00
temperature has no update
humidity has no update
pressure has no update
temperature updated at: 2022-06-28 06:20:00
humidity updated at: 2022-06-28 06:20:00
pressure updated at: 2022-06-28 06:20:00
temperature has no update
humidity has no update
pressure has no update
temperature updated at: 2022-06-28 06:30:00
humidity updated at: 2022-06-28 06:30:00
pressure updated at: 2022-06-28 06:30:00
temperature has no update
humidity has no update
pressure has no update
temperature updated at: 2022-06-28 06:40:00
humidity updated at: 2022-06-28 06:40:00
pressure updated at: 2022-06-28 06:40:00
temperature has no update
humidity has no update
pressure has no update
temperature updated at: 2022-06-28 06:50:00
humidity updated at: 2022-06-28 06:50:00
pressure updated at: 2022-06-28 06:50:00
temperature has no update
humidity has no update
pressure has no update
temperature updated at: 2022-06-28 07:00:00
humidity updated at: 2022-06-28 07:00:00
pressure updated at: 2022-06-28 07:00:00
temperature has no update
humidity has no update
pressure has no update
temperature updated at: 2022-06-28 07:10:00
humidity updated at: 2022-06-28 07:10:00
pressure updated at: 2022-06-28 07:10:00
temperature has no update
humidity has no update
pressure has no update
temperature updated at: 2022-06-28 07:20:00
humidity updated at: 2022-06-28 07:20:00
pressure updated at: 2022-06-28 07:20:00
temperature has no update
humidity has no update
pressure has no update
temperature updated at: 2022-06-28 07:30:00
humidity updated at: 2022-06-28 07:30:00
pressure updated at: 2022-06-28 07:30:00
temperature has no update
humidity has no update
pressure has no update
temperature updated at: 2022-06-28 07:40:00
humidity updated at: 2022-06-28 07:40:00
pressure updated at: 2022-06-28 07:40:00
temperature has no update
humidity has no update
pressure has no update
temperature updated at: 2022-06-28 07:50:00
humidity updated at: 2022-06-28 07:50:00
pressure updated at: 2022-06-28 07:50:00
temperature has no update
humidity has no update
pressure has no update
temperature updated at: 2022-06-28 08:00:00
humidity updated at: 2022-06-28 08:00:00
pressure updated at: 2022-06-28 08:00:00
temperature has no update
humidity has no update
pressure has no update
temperature updated at: 2022-06-28 08:10:00
humidity updated at: 2022-06-28 08:10:00
pressure updated at: 2022-06-28 08:10:00
temperature has no update
humidity has no update
pressure has no update
temperature updated at: 2022-06-28 08:20:00
humidity updated at: 2022-06-28 08:20:00
pressure updated at: 2022-06-28 08:20:00
temperature has no update
humidity has no update
pressure has no update
temperature updated at: 2022-06-28 08:30:00
humidity updated at: 2022-06-28 08:30:00
pressure updated at: 2022-06-28 08:30:00
temperature has no update
humidity has no update
pressure has no update
temperature updated at: 2022-06-28 08:40:00
humidity updated at: 2022-06-28 08:40:00
pressure updated at: 2022-06-28 08:40:00
temperature has no update
humidity has no update
pressure has no update
temperature updated at: 2022-06-28 08:50:00
humidity updated at: 2022-06-28 08:50:00
pressure updated at: 2022-06-28 08:50:00
temperature has no update
humidity has no update
pressure has no update
temperature updated at: 2022-06-28 09:00:00
humidity updated at: 2022-06-28 09:00:00
pressure updated at: 2022-06-28 09:00:00
temperature has no update
humidity has no update
pressure has no update
temperature updated at: 2022-06-28 09:10:00
humidity updated at: 2022-06-28 09:10:00
pressure updated at: 2022-06-28 09:10:00
temperature has no update
humidity has no update
pressure has no update
temperature updated at: 2022-06-28 09:20:00
humidity updated at: 2022-06-28 09:20:00
pressure updated at: 2022-06-28 09:20:00
temperature has no update
humidity has no update
pressure has no update
temperature updated at: 2022-06-28 09:30:00
humidity updated at: 2022-06-28 09:30:00
pressure updated at: 2022-06-28 09:30:00
temperature has no update
humidity has no update
pressure has no update
temperature updated at: 2022-06-28 09:40:00
humidity updated at: 2022-06-28 09:40:00
pressure updated at: 2022-06-28 09:40:00
temperature has no update
humidity has no update
pressure has no update
temperature updated at: 2022-06-28 09:50:00
humidity updated at: 2022-06-28 09:50:00
pressure updated at: 2022-06-28 09:50:00
temperature has no update
humidity has no update
pressure has no update
temperature updated at: 2022-06-28 10:00:00
humidity updated at: 2022-06-28 10:00:00
pressure updated at: 2022-06-28 10:00:00
temperature has no update
humidity has no update
pressure has no update
temperature updated at: 2022-06-28 10:10:00
humidity updated at: 2022-06-28 10:10:00
pressure updated at: 2022-06-28 10:10:00
temperature has no update
humidity has no update
pressure has no update
temperature updated at: 2022-06-28 10:20:00
humidity updated at: 2022-06-28 10:20:00
pressure updated at: 2022-06-28 10:20:00
temperature has no update
humidity has no update
pressure has no update
temperature updated at: 2022-06-28 10:30:00
humidity updated at: 2022-06-28 10:30:00
pressure updated at: 2022-06-28 10:30:00
temperature has no update
humidity has no update
pressure has no update
temperature updated at: 2022-06-28 10:40:00
humidity updated at: 2022-06-28 10:40:00
pressure updated at: 2022-06-28 10:40:00
temperature has no update
humidity has no update
pressure has no update
temperature updated at: 2022-06-28 10:50:00
humidity updated at: 2022-06-28 10:50:00
pressure updated at: 2022-06-28 10:50:00
temperature has no update
humidity has no update
pressure has no update
temperature updated at: 2022-06-28 11:00:00
humidity updated at: 2022-06-28 11:00:00
pressure updated at: 2022-06-28 11:00:00
temperature has no update
humidity has no update
pressure has no update
temperature updated at: 2022-06-28 11:10:00
humidity updated at: 2022-06-28 11:10:00
pressure updated at: 2022-06-28 11:10:00
temperature has no update
humidity has no update
pressure has no update
temperature updated at: 2022-06-28 11:20:00
humidity updated at: 2022-06-28 11:20:00
pressure updated at: 2022-06-28 11:20:00
temperature has no update
humidity has no update
pressure has no update
temperature updated at: 2022-06-28 11:30:00
humidity updated at: 2022-06-28 11:30:00
pressure updated at: 2022-06-28 11:30:00
temperature has no update
humidity has no update
pressure has no update
temperature updated at: 2022-06-28 11:40:00
humidity updated at: 2022-06-28 11:40:00
pressure updated at: 2022-06-28 11:40:00
temperature has no update
humidity has no update
pressure has no update
temperature updated at: 2022-06-28 11:50:00
humidity updated at: 2022-06-28 11:50:00
pressure updated at: 2022-06-28 11:50:00
temperature has no update
humidity has no update
pressure has no update
temperature updated at: 2022-06-28 12:00:00
humidity updated at: 2022-06-28 12:00:00
pressure updated at: 2022-06-28 12:00:00
temperature has no update
humidity has no update
pressure has no update
temperature updated at: 2022-06-28 12:10:00
humidity updated at: 2022-06-28 12:10:00
pressure updated at: 2022-06-28 12:10:00
temperature has no update
humidity has no update
pressure has no update
temperature updated at: 2022-06-28 12:20:00
humidity updated at: 2022-06-28 12:20:00
pressure updated at: 2022-06-28 12:20:00
temperature has no update
humidity has no update
pressure has no update
temperature updated at: 2022-06-28 12:30:00
humidity updated at: 2022-06-28 12:30:00
pressure updated at: 2022-06-28 12:30:00
temperature has no update
humidity has no update
pressure has no update
temperature updated at: 2022-06-28 12:40:00
humidity updated at: 2022-06-28 12:40:00
pressure updated at: 2022-06-28 12:40:00
temperature has no update
humidity has no update
pressure has no update
temperature updated at: 2022-06-28 12:50:00
humidity updated at: 2022-06-28 12:50:00
pressure updated at: 2022-06-28 12:50:00
temperature has no update
humidity has no update
pressure has no update
temperature updated at: 2022-06-28 13:00:00
humidity updated at: 2022-06-28 13:00:00
pressure updated at: 2022-06-28 13:00:00
temperature has no update
humidity has no update
pressure has no update
temperature updated at: 2022-06-28 13:10:00
humidity updated at: 2022-06-28 13:10:00
pressure updated at: 2022-06-28 13:10:00
temperature has no update
humidity has no update
pressure has no update
temperature updated at: 2022-06-28 13:20:00
humidity updated at: 2022-06-28 13:20:00
pressure updated at: 2022-06-28 13:20:00
temperature has no update
humidity has no update
pressure has no update
temperature updated at: 2022-06-28 13:30:00
humidity updated at: 2022-06-28 13:30:00
pressure updated at: 2022-06-28 13:30:00
temperature has no update
humidity has no update
pressure has no update
temperature updated at: 2022-06-28 13:40:00
humidity updated at: 2022-06-28 13:40:00
pressure updated at: 2022-06-28 13:40:00
temperature has no update
humidity has no update
pressure has no update
temperature updated at: 2022-06-28 13:50:00
humidity updated at: 2022-06-28 13:50:00
pressure updated at: 2022-06-28 13:50:00
temperature has no update
humidity has no update
pressure has no update
temperature updated at: 2022-06-28 14:00:00
humidity updated at: 2022-06-28 14:00:00
pressure updated at: 2022-06-28 14:00:00
temperature has no update
humidity has no update
pressure has no update
temperature updated at: 2022-06-28 14:10:00
humidity updated at: 2022-06-28 14:10:00
pressure updated at: 2022-06-28 14:10:00
temperature has no update
humidity has no update
pressure has no update
temperature updated at: 2022-06-28 14:20:00
humidity updated at: 2022-06-28 14:20:00
pressure updated at: 2022-06-28 14:20:00
temperature has no update
humidity has no update
pressure has no update
temperature updated at: 2022-06-28 14:30:00
humidity updated at: 2022-06-28 14:30:00
pressure updated at: 2022-06-28 14:30:00
temperature has no update
humidity has no update
pressure has no update
temperature updated at: 2022-06-28 14:40:00
humidity updated at: 2022-06-28 14:40:00
pressure updated at: 2022-06-28 14:40:00
temperature has no update
humidity has no update
pressure has no update
temperature updated at: 2022-06-28 14:50:00
humidity updated at: 2022-06-28 14:50:00
pressure updated at: 2022-06-28 14:50:00
temperature has no update
humidity has no update
pressure has no update
temperature updated at: 2022-06-28 15:00:00
humidity updated at: 2022-06-28 15:00:00
pressure updated at: 2022-06-28 15:00:00
temperature has no update
humidity has no update
pressure has no update
temperature updated at: 2022-06-28 15:10:00
humidity updated at: 2022-06-28 15:10:00
pressure updated at: 2022-06-28 15:10:00
temperature has no update
humidity has no update
pressure has no update
temperature updated at: 2022-06-28 15:20:00
humidity updated at: 2022-06-28 15:20:00
pressure updated at: 2022-06-28 15:20:00
temperature has no update
humidity has no update
pressure has no update
temperature updated at: 2022-06-28 15:30:00
humidity updated at: 2022-06-28 15:30:00
pressure updated at: 2022-06-28 15:30:00
temperature has no update
humidity has no update
pressure has no update
temperature updated at: 2022-06-28 15:40:00
humidity updated at: 2022-06-28 15:40:00
pressure updated at: 2022-06-28 15:40:00
temperature updated at: 2022-06-28 15:50:00
humidity has no update
pressure updated at: 2022-06-28 15:50:00
temperature has no update
humidity updated at: 2022-06-28 15:50:00
pressure has no update
temperature has no update
humidity has no update
pressure has no update
temperature updated at: 2022-06-28 16:00:00
humidity updated at: 2022-06-28 16:00:00
pressure updated at: 2022-06-28 16:00:00
temperature has no update
humidity has no update
pressure has no update
temperature updated at: 2022-06-28 16:10:00
humidity updated at: 2022-06-28 16:10:00
pressure updated at: 2022-06-28 16:10:00
temperature has no update
humidity has no update
pressure has no update
temperature updated at: 2022-06-28 16:20:00
humidity updated at: 2022-06-28 16:20:00
pressure updated at: 2022-06-28 16:20:00
temperature has no update
humidity has no update
pressure has no update
temperature updated at: 2022-06-28 16:30:00
humidity updated at: 2022-06-28 16:30:00
pressure updated at: 2022-06-28 16:30:00
temperature has no update
humidity has no update
pressure has no update
temperature updated at: 2022-06-28 16:40:00
humidity updated at: 2022-06-28 16:40:00
pressure updated at: 2022-06-28 16:40:00
temperature has no update
humidity has no update
pressure has no update
temperature updated at: 2022-06-28 16:50:00
humidity updated at: 2022-06-28 16:50:00
pressure updated at: 2022-06-28 16:50:00
temperature has no update
humidity has no update
pressure has no update
temperature updated at: 2022-06-28 17:00:00
humidity updated at: 2022-06-28 17:00:00
pressure updated at: 2022-06-28 17:00:00
temperature has no update
humidity has no update
pressure has no update
temperature updated at: 2022-06-28 17:10:00
humidity updated at: 2022-06-28 17:10:00
pressure updated at: 2022-06-28 17:10:00
temperature has no update
humidity has no update
pressure has no update
temperature updated at: 2022-06-28 17:20:00
humidity updated at: 2022-06-28 17:20:00
pressure updated at: 2022-06-28 17:20:00
temperature has no update
humidity has no update
pressure has no update
temperature updated at: 2022-06-28 17:30:00
humidity updated at: 2022-06-28 17:30:00
pressure updated at: 2022-06-28 17:30:00
temperature has no update
humidity has no update
pressure has no update
temperature updated at: 2022-06-28 17:40:00
humidity updated at: 2022-06-28 17:40:00
pressure updated at: 2022-06-28 17:40:00
temperature has no update
humidity has no update
pressure has no update
temperature has no update
humidity has no update
pressure has no update
temperature updated at: 2022-06-28 17:50:00
humidity updated at: 2022-06-28 17:50:00
pressure updated at: 2022-06-28 17:50:00
temperature has no update
humidity has no update
pressure has no update
temperature updated at: 2022-06-28 18:00:00
humidity updated at: 2022-06-28 18:00:00
pressure updated at: 2022-06-28 18:00:00
temperature has no update
humidity has no update
pressure has no update
temperature has no update
humidity has no update
pressure has no update
temperature updated at: 2022-06-28 18:10:00
humidity updated at: 2022-06-28 18:10:00
pressure updated at: 2022-06-28 18:10:00
temperature has no update
humidity has no update
pressure has no update
temperature has no update
humidity has no update
pressure has no update
temperature updated at: 2022-06-28 18:20:00
humidity updated at: 2022-06-28 18:20:00
pressure updated at: 2022-06-28 18:20:00
temperature has no update
humidity has no update
pressure has no update
temperature has no update
humidity has no update
pressure has no update
temperature has no update
humidity has no update
pressure has no update
temperature updated at: 2022-06-28 18:40:00
humidity updated at: 2022-06-28 18:40:00
pressure updated at: 2022-06-28 18:40:00
temperature has no update
humidity has no update
pressure has no update
temperature updated at: 2022-06-28 18:50:00
humidity updated at: 2022-06-28 18:50:00
pressure updated at: 2022-06-28 18:50:00
temperature has no update
humidity has no update
pressure has no update
temperature has no update
humidity has no update
pressure has no update
temperature updated at: 2022-06-28 19:00:00
humidity updated at: 2022-06-28 19:00:00
pressure updated at: 2022-06-28 19:00:00
temperature has no update
humidity has no update
pressure has no update
temperature updated at: 2022-06-28 19:20:00
humidity updated at: 2022-06-28 19:20:00
pressure updated at: 2022-06-28 19:20:00
temperature updated at: 2022-06-28 19:30:00
humidity updated at: 2022-06-28 19:30:00
pressure updated at: 2022-06-28 19:30:00
temperature has no update
humidity has no update
pressure has no update
temperature has no update
humidity has no update
pressure has no update
temperature updated at: 2022-06-28 19:40:00
humidity updated at: 2022-06-28 19:40:00
pressure updated at: 2022-06-28 19:40:00
temperature has no update
humidity has no update
pressure has no update
temperature updated at: 2022-06-28 19:50:00
humidity updated at: 2022-06-28 19:50:00
pressure updated at: 2022-06-28 19:50:00
Traceback (most recent call last):
  File "/home/pi/Projects/envsensor/myenv/lib/python3.7/site-packages/urllib3/connection.py", line 175, in _new_conn
    (self._dns_host, self.port), self.timeout, **extra_kw
  File "/home/pi/Projects/envsensor/myenv/lib/python3.7/site-packages/urllib3/util/connection.py", line 72, in create_connection
    for res in socket.getaddrinfo(host, port, family, socket.SOCK_STREAM):
  File "/usr/lib/python3.7/socket.py", line 748, in getaddrinfo
    for res in _socket.getaddrinfo(host, port, family, type, proto, flags):
socket.gaierror: [Errno -3] Temporary failure in name resolution

During handling of the above exception, another exception occurred:

Traceback (most recent call last):
  File "/home/pi/Projects/envsensor/myenv/lib/python3.7/site-packages/urllib3/connectionpool.py", line 710, in urlopen
    chunked=chunked,
  File "/home/pi/Projects/envsensor/myenv/lib/python3.7/site-packages/urllib3/connectionpool.py", line 386, in _make_request
    self._validate_conn(conn)
  File "/home/pi/Projects/envsensor/myenv/lib/python3.7/site-packages/urllib3/connectionpool.py", line 1040, in _validate_conn
    conn.connect()
  File "/home/pi/Projects/envsensor/myenv/lib/python3.7/site-packages/urllib3/connection.py", line 358, in connect
    self.sock = conn = self._new_conn()
  File "/home/pi/Projects/envsensor/myenv/lib/python3.7/site-packages/urllib3/connection.py", line 187, in _new_conn
    self, "Failed to establish a new connection: %s" % e
urllib3.exceptions.NewConnectionError: <urllib3.connection.HTTPSConnection object at 0xb5f1e730>: Failed to establish a new connection: [Errno -3] Temporary failure in name resolution

During handling of the above exception, another exception occurred:

Traceback (most recent call last):
  File "/home/pi/Projects/envsensor/myenv/lib/python3.7/site-packages/requests/adapters.py", line 450, in send
    timeout=timeout
  File "/home/pi/Projects/envsensor/myenv/lib/python3.7/site-packages/urllib3/connectionpool.py", line 786, in urlopen
    method, url, error=e, _pool=self, _stacktrace=sys.exc_info()[2]
  File "/home/pi/Projects/envsensor/myenv/lib/python3.7/site-packages/urllib3/util/retry.py", line 592, in increment
    raise MaxRetryError(_pool, url, error or ResponseError(cause))
urllib3.exceptions.MaxRetryError: HTTPSConnectionPool(host='data.weather.gov.hk', port=443): Max retries exceeded with url: /weatherAPI/hko_data/regional-weather/latest_1min_temperature.csv (Caused by NewConnectionError('<urllib3.connection.HTTPSConnection object at 0xb5f1e730>: Failed to establish a new connection: [Errno -3] Temporary failure in name resolution'))

During handling of the above exception, another exception occurred:

Traceback (most recent call last):
  File "hko.py", line 75, in <module>
    rows=gethko(measure)
  File "hko.py", line 38, in gethko
    with requests.get(url) as req:
  File "/home/pi/Projects/envsensor/myenv/lib/python3.7/site-packages/requests/api.py", line 75, in get
    return request('get', url, params=params, **kwargs)
  File "/home/pi/Projects/envsensor/myenv/lib/python3.7/site-packages/requests/api.py", line 61, in request
    return session.request(method=method, url=url, **kwargs)
  File "/home/pi/Projects/envsensor/myenv/lib/python3.7/site-packages/requests/sessions.py", line 529, in request
    resp = self.send(prep, **send_kwargs)
  File "/home/pi/Projects/envsensor/myenv/lib/python3.7/site-packages/requests/sessions.py", line 645, in send
    r = adapter.send(request, **kwargs)
  File "/home/pi/Projects/envsensor/myenv/lib/python3.7/site-packages/requests/adapters.py", line 519, in send
    raise ConnectionError(e, request=request)
requests.exceptions.ConnectionError: HTTPSConnectionPool(host='data.weather.gov.hk', port=443): Max retries exceeded with url: /weatherAPI/hko_data/regional-weather/latest_1min_temperature.csv (Caused by NewConnectionError('<urllib3.connection.HTTPSConnection object at 0xb5f1e730>: Failed to establish a new connection: [Errno -3] Temporary failure in name resolution'))
Traceback (most recent call last):
  File "/home/pi/Projects/envsensor/myenv/lib/python3.7/site-packages/urllib3/connection.py", line 175, in _new_conn
    (self._dns_host, self.port), self.timeout, **extra_kw
  File "/home/pi/Projects/envsensor/myenv/lib/python3.7/site-packages/urllib3/util/connection.py", line 72, in create_connection
    for res in socket.getaddrinfo(host, port, family, socket.SOCK_STREAM):
  File "/usr/lib/python3.7/socket.py", line 748, in getaddrinfo
    for res in _socket.getaddrinfo(host, port, family, type, proto, flags):
socket.gaierror: [Errno -3] Temporary failure in name resolution

During handling of the above exception, another exception occurred:

Traceback (most recent call last):
  File "/home/pi/Projects/envsensor/myenv/lib/python3.7/site-packages/urllib3/connectionpool.py", line 710, in urlopen
    chunked=chunked,
  File "/home/pi/Projects/envsensor/myenv/lib/python3.7/site-packages/urllib3/connectionpool.py", line 386, in _make_request
    self._validate_conn(conn)
  File "/home/pi/Projects/envsensor/myenv/lib/python3.7/site-packages/urllib3/connectionpool.py", line 1040, in _validate_conn
    conn.connect()
  File "/home/pi/Projects/envsensor/myenv/lib/python3.7/site-packages/urllib3/connection.py", line 358, in connect
    self.sock = conn = self._new_conn()
  File "/home/pi/Projects/envsensor/myenv/lib/python3.7/site-packages/urllib3/connection.py", line 187, in _new_conn
    self, "Failed to establish a new connection: %s" % e
urllib3.exceptions.NewConnectionError: <urllib3.connection.HTTPSConnection object at 0xb5ef44b0>: Failed to establish a new connection: [Errno -3] Temporary failure in name resolution

During handling of the above exception, another exception occurred:

Traceback (most recent call last):
  File "/home/pi/Projects/envsensor/myenv/lib/python3.7/site-packages/requests/adapters.py", line 450, in send
    timeout=timeout
  File "/home/pi/Projects/envsensor/myenv/lib/python3.7/site-packages/urllib3/connectionpool.py", line 786, in urlopen
    method, url, error=e, _pool=self, _stacktrace=sys.exc_info()[2]
  File "/home/pi/Projects/envsensor/myenv/lib/python3.7/site-packages/urllib3/util/retry.py", line 592, in increment
    raise MaxRetryError(_pool, url, error or ResponseError(cause))
urllib3.exceptions.MaxRetryError: HTTPSConnectionPool(host='data.weather.gov.hk', port=443): Max retries exceeded with url: /weatherAPI/hko_data/regional-weather/latest_1min_temperature.csv (Caused by NewConnectionError('<urllib3.connection.HTTPSConnection object at 0xb5ef44b0>: Failed to establish a new connection: [Errno -3] Temporary failure in name resolution'))

During handling of the above exception, another exception occurred:

Traceback (most recent call last):
  File "hko.py", line 75, in <module>
    rows=gethko(measure)
  File "hko.py", line 38, in gethko
    with requests.get(url) as req:
  File "/home/pi/Projects/envsensor/myenv/lib/python3.7/site-packages/requests/api.py", line 75, in get
    return request('get', url, params=params, **kwargs)
  File "/home/pi/Projects/envsensor/myenv/lib/python3.7/site-packages/requests/api.py", line 61, in request
    return session.request(method=method, url=url, **kwargs)
  File "/home/pi/Projects/envsensor/myenv/lib/python3.7/site-packages/requests/sessions.py", line 529, in request
    resp = self.send(prep, **send_kwargs)
  File "/home/pi/Projects/envsensor/myenv/lib/python3.7/site-packages/requests/sessions.py", line 645, in send
    r = adapter.send(request, **kwargs)
  File "/home/pi/Projects/envsensor/myenv/lib/python3.7/site-packages/requests/adapters.py", line 519, in send
    raise ConnectionError(e, request=request)
requests.exceptions.ConnectionError: HTTPSConnectionPool(host='data.weather.gov.hk', port=443): Max retries exceeded with url: /weatherAPI/hko_data/regional-weather/latest_1min_temperature.csv (Caused by NewConnectionError('<urllib3.connection.HTTPSConnection object at 0xb5ef44b0>: Failed to establish a new connection: [Errno -3] Temporary failure in name resolution'))
Traceback (most recent call last):
  File "/home/pi/Projects/envsensor/myenv/lib/python3.7/site-packages/urllib3/connection.py", line 175, in _new_conn
    (self._dns_host, self.port), self.timeout, **extra_kw
  File "/home/pi/Projects/envsensor/myenv/lib/python3.7/site-packages/urllib3/util/connection.py", line 72, in create_connection
    for res in socket.getaddrinfo(host, port, family, socket.SOCK_STREAM):
  File "/usr/lib/python3.7/socket.py", line 748, in getaddrinfo
    for res in _socket.getaddrinfo(host, port, family, type, proto, flags):
socket.gaierror: [Errno -3] Temporary failure in name resolution

During handling of the above exception, another exception occurred:

Traceback (most recent call last):
  File "/home/pi/Projects/envsensor/myenv/lib/python3.7/site-packages/urllib3/connectionpool.py", line 710, in urlopen
    chunked=chunked,
  File "/home/pi/Projects/envsensor/myenv/lib/python3.7/site-packages/urllib3/connectionpool.py", line 386, in _make_request
    self._validate_conn(conn)
  File "/home/pi/Projects/envsensor/myenv/lib/python3.7/site-packages/urllib3/connectionpool.py", line 1040, in _validate_conn
    conn.connect()
  File "/home/pi/Projects/envsensor/myenv/lib/python3.7/site-packages/urllib3/connection.py", line 358, in connect
    self.sock = conn = self._new_conn()
  File "/home/pi/Projects/envsensor/myenv/lib/python3.7/site-packages/urllib3/connection.py", line 187, in _new_conn
    self, "Failed to establish a new connection: %s" % e
urllib3.exceptions.NewConnectionError: <urllib3.connection.HTTPSConnection object at 0xb5f114b0>: Failed to establish a new connection: [Errno -3] Temporary failure in name resolution

During handling of the above exception, another exception occurred:

Traceback (most recent call last):
  File "/home/pi/Projects/envsensor/myenv/lib/python3.7/site-packages/requests/adapters.py", line 450, in send
    timeout=timeout
  File "/home/pi/Projects/envsensor/myenv/lib/python3.7/site-packages/urllib3/connectionpool.py", line 786, in urlopen
    method, url, error=e, _pool=self, _stacktrace=sys.exc_info()[2]
  File "/home/pi/Projects/envsensor/myenv/lib/python3.7/site-packages/urllib3/util/retry.py", line 592, in increment
    raise MaxRetryError(_pool, url, error or ResponseError(cause))
urllib3.exceptions.MaxRetryError: HTTPSConnectionPool(host='data.weather.gov.hk', port=443): Max retries exceeded with url: /weatherAPI/hko_data/regional-weather/latest_1min_temperature.csv (Caused by NewConnectionError('<urllib3.connection.HTTPSConnection object at 0xb5f114b0>: Failed to establish a new connection: [Errno -3] Temporary failure in name resolution'))

During handling of the above exception, another exception occurred:

Traceback (most recent call last):
  File "hko.py", line 75, in <module>
    rows=gethko(measure)
  File "hko.py", line 38, in gethko
    with requests.get(url) as req:
  File "/home/pi/Projects/envsensor/myenv/lib/python3.7/site-packages/requests/api.py", line 75, in get
    return request('get', url, params=params, **kwargs)
  File "/home/pi/Projects/envsensor/myenv/lib/python3.7/site-packages/requests/api.py", line 61, in request
    return session.request(method=method, url=url, **kwargs)
  File "/home/pi/Projects/envsensor/myenv/lib/python3.7/site-packages/requests/sessions.py", line 529, in request
    resp = self.send(prep, **send_kwargs)
  File "/home/pi/Projects/envsensor/myenv/lib/python3.7/site-packages/requests/sessions.py", line 645, in send
    r = adapter.send(request, **kwargs)
  File "/home/pi/Projects/envsensor/myenv/lib/python3.7/site-packages/requests/adapters.py", line 519, in send
    raise ConnectionError(e, request=request)
requests.exceptions.ConnectionError: HTTPSConnectionPool(host='data.weather.gov.hk', port=443): Max retries exceeded with url: /weatherAPI/hko_data/regional-weather/latest_1min_temperature.csv (Caused by NewConnectionError('<urllib3.connection.HTTPSConnection object at 0xb5f114b0>: Failed to establish a new connection: [Errno -3] Temporary failure in name resolution'))
Traceback (most recent call last):
  File "/home/pi/Projects/envsensor/myenv/lib/python3.7/site-packages/urllib3/connection.py", line 175, in _new_conn
    (self._dns_host, self.port), self.timeout, **extra_kw
  File "/home/pi/Projects/envsensor/myenv/lib/python3.7/site-packages/urllib3/util/connection.py", line 72, in create_connection
    for res in socket.getaddrinfo(host, port, family, socket.SOCK_STREAM):
  File "/usr/lib/python3.7/socket.py", line 748, in getaddrinfo
    for res in _socket.getaddrinfo(host, port, family, type, proto, flags):
socket.gaierror: [Errno -3] Temporary failure in name resolution

During handling of the above exception, another exception occurred:

Traceback (most recent call last):
  File "/home/pi/Projects/envsensor/myenv/lib/python3.7/site-packages/urllib3/connectionpool.py", line 710, in urlopen
    chunked=chunked,
  File "/home/pi/Projects/envsensor/myenv/lib/python3.7/site-packages/urllib3/connectionpool.py", line 386, in _make_request
    self._validate_conn(conn)
  File "/home/pi/Projects/envsensor/myenv/lib/python3.7/site-packages/urllib3/connectionpool.py", line 1040, in _validate_conn
    conn.connect()
  File "/home/pi/Projects/envsensor/myenv/lib/python3.7/site-packages/urllib3/connection.py", line 358, in connect
    self.sock = conn = self._new_conn()
  File "/home/pi/Projects/envsensor/myenv/lib/python3.7/site-packages/urllib3/connection.py", line 187, in _new_conn
    self, "Failed to establish a new connection: %s" % e
urllib3.exceptions.NewConnectionError: <urllib3.connection.HTTPSConnection object at 0xb5da03f0>: Failed to establish a new connection: [Errno -3] Temporary failure in name resolution

During handling of the above exception, another exception occurred:

Traceback (most recent call last):
  File "/home/pi/Projects/envsensor/myenv/lib/python3.7/site-packages/requests/adapters.py", line 450, in send
    timeout=timeout
  File "/home/pi/Projects/envsensor/myenv/lib/python3.7/site-packages/urllib3/connectionpool.py", line 786, in urlopen
    method, url, error=e, _pool=self, _stacktrace=sys.exc_info()[2]
  File "/home/pi/Projects/envsensor/myenv/lib/python3.7/site-packages/urllib3/util/retry.py", line 592, in increment
    raise MaxRetryError(_pool, url, error or ResponseError(cause))
urllib3.exceptions.MaxRetryError: HTTPSConnectionPool(host='data.weather.gov.hk', port=443): Max retries exceeded with url: /weatherAPI/hko_data/regional-weather/latest_1min_temperature.csv (Caused by NewConnectionError('<urllib3.connection.HTTPSConnection object at 0xb5da03f0>: Failed to establish a new connection: [Errno -3] Temporary failure in name resolution'))

During handling of the above exception, another exception occurred:

Traceback (most recent call last):
  File "hko.py", line 75, in <module>
    rows=gethko(measure)
  File "hko.py", line 38, in gethko
    with requests.get(url) as req:
  File "/home/pi/Projects/envsensor/myenv/lib/python3.7/site-packages/requests/api.py", line 75, in get
    return request('get', url, params=params, **kwargs)
  File "/home/pi/Projects/envsensor/myenv/lib/python3.7/site-packages/requests/api.py", line 61, in request
    return session.request(method=method, url=url, **kwargs)
  File "/home/pi/Projects/envsensor/myenv/lib/python3.7/site-packages/requests/sessions.py", line 529, in request
    resp = self.send(prep, **send_kwargs)
  File "/home/pi/Projects/envsensor/myenv/lib/python3.7/site-packages/requests/sessions.py", line 645, in send
    r = adapter.send(request, **kwargs)
  File "/home/pi/Projects/envsensor/myenv/lib/python3.7/site-packages/requests/adapters.py", line 519, in send
    raise ConnectionError(e, request=request)
requests.exceptions.ConnectionError: HTTPSConnectionPool(host='data.weather.gov.hk', port=443): Max retries exceeded with url: /weatherAPI/hko_data/regional-weather/latest_1min_temperature.csv (Caused by NewConnectionError('<urllib3.connection.HTTPSConnection object at 0xb5da03f0>: Failed to establish a new connection: [Errno -3] Temporary failure in name resolution'))
Traceback (most recent call last):
  File "/home/pi/Projects/envsensor/myenv/lib/python3.7/site-packages/urllib3/connection.py", line 175, in _new_conn
    (self._dns_host, self.port), self.timeout, **extra_kw
  File "/home/pi/Projects/envsensor/myenv/lib/python3.7/site-packages/urllib3/util/connection.py", line 72, in create_connection
    for res in socket.getaddrinfo(host, port, family, socket.SOCK_STREAM):
  File "/usr/lib/python3.7/socket.py", line 748, in getaddrinfo
    for res in _socket.getaddrinfo(host, port, family, type, proto, flags):
socket.gaierror: [Errno -3] Temporary failure in name resolution

During handling of the above exception, another exception occurred:

Traceback (most recent call last):
  File "/home/pi/Projects/envsensor/myenv/lib/python3.7/site-packages/urllib3/connectionpool.py", line 710, in urlopen
    chunked=chunked,
  File "/home/pi/Projects/envsensor/myenv/lib/python3.7/site-packages/urllib3/connectionpool.py", line 386, in _make_request
    self._validate_conn(conn)
  File "/home/pi/Projects/envsensor/myenv/lib/python3.7/site-packages/urllib3/connectionpool.py", line 1040, in _validate_conn
    conn.connect()
  File "/home/pi/Projects/envsensor/myenv/lib/python3.7/site-packages/urllib3/connection.py", line 358, in connect
    self.sock = conn = self._new_conn()
  File "/home/pi/Projects/envsensor/myenv/lib/python3.7/site-packages/urllib3/connection.py", line 187, in _new_conn
    self, "Failed to establish a new connection: %s" % e
urllib3.exceptions.NewConnectionError: <urllib3.connection.HTTPSConnection object at 0xb5d36490>: Failed to establish a new connection: [Errno -3] Temporary failure in name resolution

During handling of the above exception, another exception occurred:

Traceback (most recent call last):
  File "/home/pi/Projects/envsensor/myenv/lib/python3.7/site-packages/requests/adapters.py", line 450, in send
    timeout=timeout
  File "/home/pi/Projects/envsensor/myenv/lib/python3.7/site-packages/urllib3/connectionpool.py", line 786, in urlopen
    method, url, error=e, _pool=self, _stacktrace=sys.exc_info()[2]
  File "/home/pi/Projects/envsensor/myenv/lib/python3.7/site-packages/urllib3/util/retry.py", line 592, in increment
    raise MaxRetryError(_pool, url, error or ResponseError(cause))
urllib3.exceptions.MaxRetryError: HTTPSConnectionPool(host='data.weather.gov.hk', port=443): Max retries exceeded with url: /weatherAPI/hko_data/regional-weather/latest_1min_temperature.csv (Caused by NewConnectionError('<urllib3.connection.HTTPSConnection object at 0xb5d36490>: Failed to establish a new connection: [Errno -3] Temporary failure in name resolution'))

During handling of the above exception, another exception occurred:

Traceback (most recent call last):
  File "hko.py", line 75, in <module>
    rows=gethko(measure)
  File "hko.py", line 38, in gethko
    with requests.get(url) as req:
  File "/home/pi/Projects/envsensor/myenv/lib/python3.7/site-packages/requests/api.py", line 75, in get
    return request('get', url, params=params, **kwargs)
  File "/home/pi/Projects/envsensor/myenv/lib/python3.7/site-packages/requests/api.py", line 61, in request
    return session.request(method=method, url=url, **kwargs)
  File "/home/pi/Projects/envsensor/myenv/lib/python3.7/site-packages/requests/sessions.py", line 529, in request
    resp = self.send(prep, **send_kwargs)
  File "/home/pi/Projects/envsensor/myenv/lib/python3.7/site-packages/requests/sessions.py", line 645, in send
    r = adapter.send(request, **kwargs)
  File "/home/pi/Projects/envsensor/myenv/lib/python3.7/site-packages/requests/adapters.py", line 519, in send
    raise ConnectionError(e, request=request)
requests.exceptions.ConnectionError: HTTPSConnectionPool(host='data.weather.gov.hk', port=443): Max retries exceeded with url: /weatherAPI/hko_data/regional-weather/latest_1min_temperature.csv (Caused by NewConnectionError('<urllib3.connection.HTTPSConnection object at 0xb5d36490>: Failed to establish a new connection: [Errno -3] Temporary failure in name resolution'))
Traceback (most recent call last):
  File "/home/pi/Projects/envsensor/myenv/lib/python3.7/site-packages/urllib3/connection.py", line 175, in _new_conn
    (self._dns_host, self.port), self.timeout, **extra_kw
  File "/home/pi/Projects/envsensor/myenv/lib/python3.7/site-packages/urllib3/util/connection.py", line 72, in create_connection
    for res in socket.getaddrinfo(host, port, family, socket.SOCK_STREAM):
  File "/usr/lib/python3.7/socket.py", line 748, in getaddrinfo
    for res in _socket.getaddrinfo(host, port, family, type, proto, flags):
socket.gaierror: [Errno -3] Temporary failure in name resolution

During handling of the above exception, another exception occurred:

Traceback (most recent call last):
  File "/home/pi/Projects/envsensor/myenv/lib/python3.7/site-packages/urllib3/connectionpool.py", line 710, in urlopen
    chunked=chunked,
  File "/home/pi/Projects/envsensor/myenv/lib/python3.7/site-packages/urllib3/connectionpool.py", line 386, in _make_request
    self._validate_conn(conn)
  File "/home/pi/Projects/envsensor/myenv/lib/python3.7/site-packages/urllib3/connectionpool.py", line 1040, in _validate_conn
    conn.connect()
  File "/home/pi/Projects/envsensor/myenv/lib/python3.7/site-packages/urllib3/connection.py", line 358, in connect
    self.sock = conn = self._new_conn()
  File "/home/pi/Projects/envsensor/myenv/lib/python3.7/site-packages/urllib3/connection.py", line 187, in _new_conn
    self, "Failed to establish a new connection: %s" % e
urllib3.exceptions.NewConnectionError: <urllib3.connection.HTTPSConnection object at 0xb5cb5450>: Failed to establish a new connection: [Errno -3] Temporary failure in name resolution

During handling of the above exception, another exception occurred:

Traceback (most recent call last):
  File "/home/pi/Projects/envsensor/myenv/lib/python3.7/site-packages/requests/adapters.py", line 450, in send
    timeout=timeout
  File "/home/pi/Projects/envsensor/myenv/lib/python3.7/site-packages/urllib3/connectionpool.py", line 786, in urlopen
    method, url, error=e, _pool=self, _stacktrace=sys.exc_info()[2]
  File "/home/pi/Projects/envsensor/myenv/lib/python3.7/site-packages/urllib3/util/retry.py", line 592, in increment
    raise MaxRetryError(_pool, url, error or ResponseError(cause))
urllib3.exceptions.MaxRetryError: HTTPSConnectionPool(host='data.weather.gov.hk', port=443): Max retries exceeded with url: /weatherAPI/hko_data/regional-weather/latest_1min_temperature.csv (Caused by NewConnectionError('<urllib3.connection.HTTPSConnection object at 0xb5cb5450>: Failed to establish a new connection: [Errno -3] Temporary failure in name resolution'))

During handling of the above exception, another exception occurred:

Traceback (most recent call last):
  File "hko.py", line 75, in <module>
    rows=gethko(measure)
  File "hko.py", line 38, in gethko
    with requests.get(url) as req:
  File "/home/pi/Projects/envsensor/myenv/lib/python3.7/site-packages/requests/api.py", line 75, in get
    return request('get', url, params=params, **kwargs)
  File "/home/pi/Projects/envsensor/myenv/lib/python3.7/site-packages/requests/api.py", line 61, in request
    return session.request(method=method, url=url, **kwargs)
  File "/home/pi/Projects/envsensor/myenv/lib/python3.7/site-packages/requests/sessions.py", line 529, in request
    resp = self.send(prep, **send_kwargs)
  File "/home/pi/Projects/envsensor/myenv/lib/python3.7/site-packages/requests/sessions.py", line 645, in send
    r = adapter.send(request, **kwargs)
  File "/home/pi/Projects/envsensor/myenv/lib/python3.7/site-packages/requests/adapters.py", line 519, in send
    raise ConnectionError(e, request=request)
requests.exceptions.ConnectionError: HTTPSConnectionPool(host='data.weather.gov.hk', port=443): Max retries exceeded with url: /weatherAPI/hko_data/regional-weather/latest_1min_temperature.csv (Caused by NewConnectionError('<urllib3.connection.HTTPSConnection object at 0xb5cb5450>: Failed to establish a new connection: [Errno -3] Temporary failure in name resolution'))
Traceback (most recent call last):
  File "/home/pi/Projects/envsensor/myenv/lib/python3.7/site-packages/urllib3/connection.py", line 175, in _new_conn
    (self._dns_host, self.port), self.timeout, **extra_kw
  File "/home/pi/Projects/envsensor/myenv/lib/python3.7/site-packages/urllib3/util/connection.py", line 72, in create_connection
    for res in socket.getaddrinfo(host, port, family, socket.SOCK_STREAM):
  File "/usr/lib/python3.7/socket.py", line 748, in getaddrinfo
    for res in _socket.getaddrinfo(host, port, family, type, proto, flags):
socket.gaierror: [Errno -3] Temporary failure in name resolution

During handling of the above exception, another exception occurred:

Traceback (most recent call last):
  File "/home/pi/Projects/envsensor/myenv/lib/python3.7/site-packages/urllib3/connectionpool.py", line 710, in urlopen
    chunked=chunked,
  File "/home/pi/Projects/envsensor/myenv/lib/python3.7/site-packages/urllib3/connectionpool.py", line 386, in _make_request
    self._validate_conn(conn)
  File "/home/pi/Projects/envsensor/myenv/lib/python3.7/site-packages/urllib3/connectionpool.py", line 1040, in _validate_conn
    conn.connect()
  File "/home/pi/Projects/envsensor/myenv/lib/python3.7/site-packages/urllib3/connection.py", line 358, in connect
    self.sock = conn = self._new_conn()
  File "/home/pi/Projects/envsensor/myenv/lib/python3.7/site-packages/urllib3/connection.py", line 187, in _new_conn
    self, "Failed to establish a new connection: %s" % e
urllib3.exceptions.NewConnectionError: <urllib3.connection.HTTPSConnection object at 0xb5d5b470>: Failed to establish a new connection: [Errno -3] Temporary failure in name resolution

During handling of the above exception, another exception occurred:

Traceback (most recent call last):
  File "/home/pi/Projects/envsensor/myenv/lib/python3.7/site-packages/requests/adapters.py", line 450, in send
    timeout=timeout
  File "/home/pi/Projects/envsensor/myenv/lib/python3.7/site-packages/urllib3/connectionpool.py", line 786, in urlopen
    method, url, error=e, _pool=self, _stacktrace=sys.exc_info()[2]
  File "/home/pi/Projects/envsensor/myenv/lib/python3.7/site-packages/urllib3/util/retry.py", line 592, in increment
    raise MaxRetryError(_pool, url, error or ResponseError(cause))
urllib3.exceptions.MaxRetryError: HTTPSConnectionPool(host='data.weather.gov.hk', port=443): Max retries exceeded with url: /weatherAPI/hko_data/regional-weather/latest_1min_temperature.csv (Caused by NewConnectionError('<urllib3.connection.HTTPSConnection object at 0xb5d5b470>: Failed to establish a new connection: [Errno -3] Temporary failure in name resolution'))

During handling of the above exception, another exception occurred:

Traceback (most recent call last):
  File "hko.py", line 75, in <module>
    rows=gethko(measure)
  File "hko.py", line 38, in gethko
    with requests.get(url) as req:
  File "/home/pi/Projects/envsensor/myenv/lib/python3.7/site-packages/requests/api.py", line 75, in get
    return request('get', url, params=params, **kwargs)
  File "/home/pi/Projects/envsensor/myenv/lib/python3.7/site-packages/requests/api.py", line 61, in request
    return session.request(method=method, url=url, **kwargs)
  File "/home/pi/Projects/envsensor/myenv/lib/python3.7/site-packages/requests/sessions.py", line 529, in request
    resp = self.send(prep, **send_kwargs)
  File "/home/pi/Projects/envsensor/myenv/lib/python3.7/site-packages/requests/sessions.py", line 645, in send
    r = adapter.send(request, **kwargs)
  File "/home/pi/Projects/envsensor/myenv/lib/python3.7/site-packages/requests/adapters.py", line 519, in send
    raise ConnectionError(e, request=request)
requests.exceptions.ConnectionError: HTTPSConnectionPool(host='data.weather.gov.hk', port=443): Max retries exceeded with url: /weatherAPI/hko_data/regional-weather/latest_1min_temperature.csv (Caused by NewConnectionError('<urllib3.connection.HTTPSConnection object at 0xb5d5b470>: Failed to establish a new connection: [Errno -3] Temporary failure in name resolution'))
